{"message":"Server litening on port 5000","level":"info","service":"user-service"}
{"message":"Connection has been established successfully.","level":"info","service":"user-service"}
{"message":"Server litening on port 5000","level":"info","service":"potw-service"}
{"message":"Connection has been established successfully.","level":"info","service":"potw-service"}
{"message":"Server litening on port 5000","level":"info","service":"potw-service"}
{"message":"Connection has been established successfully.","level":"info","service":"potw-service"}
{"message":"Server litening on port 5000","level":"info","service":"potw-service"}
{"message":"Connection has been established successfully.","level":"info","service":"potw-service"}
{"message":"Server litening on port 5000","level":"info","service":"potw-service"}
{"message":"Connection has been established successfully.","level":"info","service":"potw-service"}
{"message":"Server litening on port 5000","level":"info","service":"potw-service"}
{"message":"Connection has been established successfully.","level":"info","service":"potw-service"}
{"message":"Server litening on port 5000","level":"info","service":"potw-service"}
{"message":"Connection has been established successfully.","level":"info","service":"potw-service"}
{"service":"potw-service","level":"info","message":"Received request:"}
{"message":"Server litening on port 5000","level":"info","service":"potw-service"}
{"message":"Connection has been established successfully.","level":"info","service":"potw-service"}
{"message":"Received request:","level":"info","service":"potw-service"}
{"level":"info","service":"potw-service"}
{"message":"Server litening on port 5000","level":"info","service":"potw-service"}
{"message":"Connection has been established successfully.","level":"info","service":"potw-service"}
{"requestId":"b3350595-bb02-400d-833e-46e6165e4d56","message":"Received request:","level":"info","service":"potw-service"}
{"requestId":"b3350595-bb02-400d-833e-46e6165e4d56","level":"info","service":"potw-service"}
{"message":"Server litening on port 5000","level":"info","service":"potw-service"}
{"message":"Connection has been established successfully.","level":"info","service":"potw-service"}
{"requestId":"ca4d55c1-b8db-4de6-98c4-4d8db504c5ea","message":"Received request: GET /users/776c7d18-7697-11ea-b873-f21898353308","level":"info","service":"potw-service"}
{"message":"Server litening on port 5000","level":"info","service":"potw-service"}
{"message":"Connection has been established successfully.","level":"info","service":"potw-service"}
{"requestId":"1dcf9b42-804d-47dd-a9dc-1b2ff4aab339","requestMethod":"GET","requestUrl":"/users/776c7d18-7697-11ea-b873-f21898353308","message":"Received request.","level":"info","service":"potw-service"}
